d:\render\render\render\x64\debug\vc140.pdb
d:\render\render\render\x64\debug\vc140.idb
d:\render\render\render\x64\debug\camera.obj
d:\render\render\render\x64\debug\game.obj
d:\render\render\render\x64\debug\main.obj
d:\render\render\render\x64\debug\mesh3d.obj
d:\render\render\render\x64\debug\pixelshader.obj
d:\render\render\render\x64\debug\vertexshader.obj
d:\render\render\render\x64\debug\basegeometric.obj
d:\render\render\render\x64\debug\snowman.obj
d:\render\render\render\x64\debug\skybox.obj
d:\render\render\render\x64\debug\quadrenderer.obj
d:\render\render\render\x64\debug\quadplane.obj
d:\render\render\x64\debug\render.ilk
d:\render\render\x64\debug\render.exe
d:\render\render\x64\debug\render.pdb
d:\render\render\render\x64\debug\render.res
d:\render\render\render\x64\debug\render.vcxprojresolveassemblyreference.cache
d:\render\render\render\x64\debug\render.tlog\cl.command.1.tlog
d:\render\render\render\x64\debug\render.tlog\cl.read.1.tlog
d:\render\render\render\x64\debug\render.tlog\cl.write.1.tlog
d:\render\render\render\x64\debug\render.tlog\link.command.1.tlog
d:\render\render\render\x64\debug\render.tlog\link.read.1.tlog
d:\render\render\render\x64\debug\render.tlog\link.write.1.tlog
d:\render\render\render\x64\debug\render.tlog\rc.command.1.tlog
d:\render\render\render\x64\debug\render.tlog\rc.read.1.tlog
d:\render\render\render\x64\debug\render.tlog\rc.write.1.tlog
